#
# There is insufficient memory for the Java Runtime Environment to continue.
# Native memory allocation (malloc) failed to allocate 1961296 bytes for Chunk::new
# Possible reasons:
#   The system is out of physical RAM or swap space
#   In 32 bit mode, the process size limit was hit
# Possible solutions:
#   Reduce memory load on the system
#   Increase physical memory or swap space
#   Check if swap backing store is full
#   Use 64 bit Java on a 64 bit OS
#   Decrease Java heap size (-Xmx/-Xms)
#   Decrease number of Java threads
#   Decrease Java thread stack sizes (-Xss)
#   Set larger code cache with -XX:ReservedCodeCacheSize=
# This output file may be truncated or incomplete.
#
#  Out of Memory Error (allocation.cpp:390), pid=24728, tid=23452
#
# JRE version: Java(TM) SE Runtime Environment (8.0_45-b15) (build 1.8.0_45-b15)
# Java VM: Java HotSpot(TM) 64-Bit Server VM (25.45-b02 mixed mode windows-amd64 compressed oops)
# Failed to write core dump. Minidumps are not enabled by default on client versions of Windows
#

---------------  T H R E A D  ---------------

Current thread (0x000000001f157800):  JavaThread "C2 CompilerThread0" daemon [_thread_in_native, id=23452, stack(0x000000001fb00000,0x000000001fc00000)]

Stack: [0x000000001fb00000,0x000000001fc00000]
Native frames: (J=compiled Java code, j=interpreted, Vv=VM code, C=native code)
V  [jvm.dll+0x32b57a]
V  [jvm.dll+0x279873]
V  [jvm.dll+0x27a509]
V  [jvm.dll+0x271825]
V  [jvm.dll+0xcb9e2]
V  [jvm.dll+0xcbeac]
V  [jvm.dll+0x49298c]
V  [jvm.dll+0x45f6ff]
V  [jvm.dll+0x46a73b]
V  [jvm.dll+0x46cd52]
V  [jvm.dll+0x4500f2]
V  [jvm.dll+0xa4352]
V  [jvm.dll+0xa4c8f]
V  [jvm.dll+0x241984]
V  [jvm.dll+0x29853a]
C  [msvcr100.dll+0x21d9f]
C  [msvcr100.dll+0x21e3b]
C  [KERNEL32.DLL+0x17034]
C  [ntdll.dll+0x52651]


Current CompileTask:
C2:   6113 4924       4       java.lang.Class::privateGetMethodRecursive (130 bytes)


---------------  P R O C E S S  ---------------

Java Threads: ( => current thread )
  0x0000000025f1a000 JavaThread "quartzScheduler_QuartzSchedulerThread" [_thread_blocked, id=8700, stack(0x000000002eae0000,0x000000002ebe0000)]
  0x0000000025f1b000 JavaThread "quartzScheduler_Worker-10" [_thread_blocked, id=22416, stack(0x000000002e9e0000,0x000000002eae0000)]
  0x0000000025f1e800 JavaThread "quartzScheduler_Worker-9" [_thread_blocked, id=11888, stack(0x000000002e8e0000,0x000000002e9e0000)]
  0x0000000025f1f800 JavaThread "quartzScheduler_Worker-8" [_thread_blocked, id=860, stack(0x000000002e7e0000,0x000000002e8e0000)]
  0x0000000025f1c800 JavaThread "quartzScheduler_Worker-7" [_thread_blocked, id=22520, stack(0x000000002e6e0000,0x000000002e7e0000)]
  0x0000000022b63000 JavaThread "quartzScheduler_Worker-6" [_thread_blocked, id=17292, stack(0x000000002e5e0000,0x000000002e6e0000)]
  0x0000000022b69000 JavaThread "quartzScheduler_Worker-5" [_thread_blocked, id=20292, stack(0x000000002e4e0000,0x000000002e5e0000)]
  0x0000000022b68000 JavaThread "quartzScheduler_Worker-4" [_thread_blocked, id=23688, stack(0x000000002e3e0000,0x000000002e4e0000)]
  0x0000000022b67800 JavaThread "quartzScheduler_Worker-3" [_thread_blocked, id=21972, stack(0x000000002e2e0000,0x000000002e3e0000)]
  0x0000000022b66800 JavaThread "quartzScheduler_Worker-2" [_thread_blocked, id=21812, stack(0x000000002e1e0000,0x000000002e2e0000)]
  0x0000000022b69800 JavaThread "quartzScheduler_Worker-1" [_thread_blocked, id=23520, stack(0x000000002e0e0000,0x000000002e1e0000)]
  0x0000000022b66000 JavaThread "Druid-ConnectionPool-Destroy-1219549656" daemon [_thread_blocked, id=21824, stack(0x000000002d240000,0x000000002d340000)]
  0x0000000022b65000 JavaThread "Druid-ConnectionPool-Create-1219549656" daemon [_thread_blocked, id=9068, stack(0x000000002d140000,0x000000002d240000)]
  0x0000000022b63800 JavaThread "mysql-cj-abandoned-connection-cleanup" daemon [_thread_blocked, id=23108, stack(0x000000002a1b0000,0x000000002a2b0000)]
  0x000000002767d800 JavaThread "commons-pool-evictor-thread" daemon [_thread_blocked, id=652, stack(0x000000002ca90000,0x000000002cb90000)]
  0x0000000022b6d000 JavaThread "task-1" [_thread_in_vm, id=17716, stack(0x000000002a440000,0x000000002a540000)]
  0x00000000252d6800 JavaThread "container-0" [_thread_blocked, id=5576, stack(0x0000000026580000,0x0000000026680000)]
  0x0000000029c0a000 JavaThread "Catalina-utility-2" [_thread_blocked, id=3252, stack(0x0000000023ee0000,0x0000000023fe0000)]
  0x0000000020e19000 JavaThread "Catalina-utility-1" [_thread_blocked, id=15220, stack(0x0000000022f50000,0x0000000023050000)]
  0x00000000217b5800 JavaThread "restartedMain" [_thread_in_native, id=12196, stack(0x0000000021c80000,0x0000000021d80000)]
  0x0000000020bf6000 JavaThread "Thread-1" [_thread_blocked, id=13076, stack(0x0000000021b80000,0x0000000021c80000)]
  0x000000001f1ea000 JavaThread "Service Thread" daemon [_thread_blocked, id=26180, stack(0x000000001ff00000,0x0000000020000000)]
  0x000000001f16b800 JavaThread "C1 CompilerThread3" daemon [_thread_blocked, id=14256, stack(0x000000001fe00000,0x000000001ff00000)]
  0x000000001f162000 JavaThread "C2 CompilerThread2" daemon [_thread_in_native, id=14412, stack(0x000000001fd00000,0x000000001fe00000)]
  0x000000001f161000 JavaThread "C2 CompilerThread1" daemon [_thread_in_vm, id=9444, stack(0x000000001fc00000,0x000000001fd00000)]
=>0x000000001f157800 JavaThread "C2 CompilerThread0" daemon [_thread_in_native, id=23452, stack(0x000000001fb00000,0x000000001fc00000)]
  0x000000001f146800 JavaThread "JDWP Command Reader" daemon [_thread_in_native, id=20304, stack(0x000000001fa00000,0x000000001fb00000)]
  0x000000001f143800 JavaThread "JDWP Event Helper Thread" daemon [_thread_blocked, id=19276, stack(0x000000001f900000,0x000000001fa00000)]
  0x000000001f139000 JavaThread "JDWP Transport Listener: dt_socket" daemon [_thread_blocked, id=4436, stack(0x000000001f800000,0x000000001f900000)]
  0x000000001f12d800 JavaThread "Attach Listener" daemon [_thread_blocked, id=16620, stack(0x000000001f5a0000,0x000000001f6a0000)]
  0x000000001f0cc800 JavaThread "Signal Dispatcher" daemon [_thread_blocked, id=16888, stack(0x000000001f4a0000,0x000000001f5a0000)]
  0x000000001d0d0000 JavaThread "Finalizer" daemon [_thread_blocked, id=10152, stack(0x000000001efa0000,0x000000001f0a0000)]
  0x000000001d0c9800 JavaThread "Reference Handler" daemon [_thread_blocked, id=25788, stack(0x000000001eea0000,0x000000001efa0000)]
  0x00000000035c8000 JavaThread "main" [_thread_blocked, id=20088, stack(0x00000000034c0000,0x00000000035c0000)]

Other Threads:
  0x000000001d0c5800 VMThread [stack: 0x000000001eda0000,0x000000001eea0000] [id=26600]
  0x000000001f1ea800 WatcherThread [stack: 0x0000000020000000,0x0000000020100000] [id=11056]

VM state:not at safepoint (normal execution)

VM Mutex/Monitor currently owned by a thread:  ([mutex/lock_event])
[0x00000000035c5e10] Compile_lock - owner thread: 0x0000000000000000

Heap:
 PSYoungGen      total 228864K, used 59475K [0x000000076b500000, 0x000000077ac80000, 0x00000007c0000000)
  eden space 210944K, 28% used [0x000000076b500000,0x000000076ef14e10,0x0000000778300000)
  from space 17920K, 0% used [0x0000000778300000,0x0000000778300000,0x0000000779480000)
  to   space 12800K, 0% used [0x0000000779480000,0x0000000779480000,0x000000077a100000)
 ParOldGen       total 167936K, used 30072K [0x00000006c1e00000, 0x00000006cc200000, 0x000000076b500000)
  object space 167936K, 17% used [0x00000006c1e00000,0x00000006c3b5e0a8,0x00000006cc200000)
 Metaspace       used 60274K, capacity 62982K, committed 63232K, reserved 1103872K
  class space    used 7883K, capacity 8367K, committed 8448K, reserved 1048576K

Card table byte_map: [0x0000000012a80000,0x0000000013280000] byte_map_base: 0x000000000f471000

Marking Bits: (ParMarkBitMap*) 0x000000005fdc4040
 Begin Bits: [0x0000000013fd0000, 0x0000000017f58000)
 End Bits:   [0x0000000017f58000, 0x000000001bee0000)

Polling page: 0x0000000002f60000

CodeCache: size=245760Kb used=15982Kb max_used=16024Kb free=229777Kb
 bounds [0x00000000036c0000, 0x0000000004680000, 0x00000000126c0000]
 total_blobs=5044 nmethods=4473 adapters=491
 compilation: enabled

Compilation events (10 events):
Event: 6.059 Thread 0x000000001f16b800 5174       2       java.beans.PropertyDescriptor::setClass0 (25 bytes)
Event: 6.059 Thread 0x000000001f16b800 nmethod 5174 0x0000000004648290 code [0x0000000004648440, 0x00000000046487d8]
Event: 6.059 Thread 0x000000001f16b800 5172  s    2       java.beans.MethodDescriptor::setMethod (41 bytes)
Event: 6.059 Thread 0x000000001f16b800 nmethod 5172 0x0000000004648a10 code [0x0000000004648c40, 0x0000000004649428]
Event: 6.066 Thread 0x000000001f16b800 5175       2       java.util.concurrent.atomic.AtomicInteger::getAndAdd (12 bytes)
Event: 6.066 Thread 0x000000001f16b800 nmethod 5175 0x0000000004649cd0 code [0x0000000004649e20, 0x0000000004649f70]
Event: 6.066 Thread 0x000000001f16b800 5176       2       java.lang.ThreadLocal::<init> (12 bytes)
Event: 6.066 Thread 0x000000001f16b800 nmethod 5176 0x000000000464a010 code [0x000000000464a160, 0x000000000464a2d0]
Event: 6.066 Thread 0x000000001f16b800 5177       2       java.lang.ThreadLocal::nextHashCode (9 bytes)
Event: 6.066 Thread 0x000000001f16b800 nmethod 5177 0x000000000464a3d0 code [0x000000000464a520, 0x000000000464a670]

GC Heap History (10 events):
Event: 3.130 GC heap before
{Heap before GC invocations=8 (full 2):
 PSYoungGen      total 178176K, used 8577K [0x000000076b500000, 0x0000000778d00000, 0x00000007c0000000)
  eden space 163840K, 0% used [0x000000076b500000,0x000000076b500000,0x0000000775500000)
  from space 14336K, 59% used [0x0000000776280000,0x0000000776ae06d8,0x0000000777080000)
  to   space 13824K, 0% used [0x0000000775500000,0x0000000775500000,0x0000000776280000)
 ParOldGen       total 102912K, used 9818K [0x00000006c1e00000, 0x00000006c8280000, 0x000000076b500000)
  object space 102912K, 9% used [0x00000006c1e00000,0x00000006c2796a98,0x00000006c8280000)
 Metaspace       used 33860K, capacity 35412K, committed 35496K, reserved 1079296K
  class space    used 4480K, capacity 4782K, committed 4864K, reserved 1048576K
Event: 3.185 GC heap after
Heap after GC invocations=8 (full 2):
 PSYoungGen      total 178176K, used 0K [0x000000076b500000, 0x0000000778d00000, 0x00000007c0000000)
  eden space 163840K, 0% used [0x000000076b500000,0x000000076b500000,0x0000000775500000)
  from space 14336K, 0% used [0x0000000776280000,0x0000000776280000,0x0000000777080000)
  to   space 13824K, 0% used [0x0000000775500000,0x0000000775500000,0x0000000776280000)
 ParOldGen       total 167936K, used 13802K [0x00000006c1e00000, 0x00000006cc200000, 0x000000076b500000)
  object space 167936K, 8% used [0x00000006c1e00000,0x00000006c2b7aa08,0x00000006cc200000)
 Metaspace       used 33860K, capacity 35412K, committed 35496K, reserved 1079296K
  class space    used 4480K, capacity 4782K, committed 4864K, reserved 1048576K
}
Event: 4.349 GC heap before
{Heap before GC invocations=9 (full 2):
 PSYoungGen      total 178176K, used 163840K [0x000000076b500000, 0x0000000778d00000, 0x00000007c0000000)
  eden space 163840K, 100% used [0x000000076b500000,0x0000000775500000,0x0000000775500000)
  from space 14336K, 0% used [0x0000000776280000,0x0000000776280000,0x0000000777080000)
  to   space 13824K, 0% used [0x0000000775500000,0x0000000775500000,0x0000000776280000)
 ParOldGen       total 167936K, used 13802K [0x00000006c1e00000, 0x00000006cc200000, 0x000000076b500000)
  object space 167936K, 8% used [0x00000006c1e00000,0x00000006c2b7aa08,0x00000006cc200000)
 Metaspace       used 37294K, capacity 39118K, committed 39296K, reserved 1083392K
  class space    used 4881K, capacity 5221K, committed 5248K, reserved 1048576K
Event: 4.355 GC heap after
Heap after GC invocations=9 (full 2):
 PSYoungGen      total 177664K, used 8737K [0x000000076b500000, 0x000000077a100000, 0x00000007c0000000)
  eden space 163840K, 0% used [0x000000076b500000,0x000000076b500000,0x0000000775500000)
  from space 13824K, 63% used [0x0000000775500000,0x0000000775d88678,0x0000000776280000)
  to   space 12800K, 0% used [0x0000000779480000,0x0000000779480000,0x000000077a100000)
 ParOldGen       total 167936K, used 13810K [0x00000006c1e00000, 0x00000006cc200000, 0x000000076b500000)
  object space 167936K, 8% used [0x00000006c1e00000,0x00000006c2b7ca08,0x00000006cc200000)
 Metaspace       used 37294K, capacity 39118K, committed 39296K, reserved 1083392K
  class space    used 4881K, capacity 5221K, committed 5248K, reserved 1048576K
}
Event: 5.399 GC heap before
{Heap before GC invocations=10 (full 2):
 PSYoungGen      total 177664K, used 172577K [0x000000076b500000, 0x000000077a100000, 0x00000007c0000000)
  eden space 163840K, 100% used [0x000000076b500000,0x0000000775500000,0x0000000775500000)
  from space 13824K, 63% used [0x0000000775500000,0x0000000775d88678,0x0000000776280000)
  to   space 12800K, 0% used [0x0000000779480000,0x0000000779480000,0x000000077a100000)
 ParOldGen       total 167936K, used 13810K [0x00000006c1e00000, 0x00000006cc200000, 0x000000076b500000)
  object space 167936K, 8% used [0x00000006c1e00000,0x00000006c2b7ca08,0x00000006cc200000)
 Metaspace       used 50818K, capacity 53208K, committed 53504K, reserved 1095680K
  class space    used 6623K, capacity 7070K, committed 7168K, reserved 1048576K
Event: 5.414 GC heap after
Heap after GC invocations=10 (full 2):
 PSYoungGen      total 223744K, used 12792K [0x000000076b500000, 0x000000077ac80000, 0x00000007c0000000)
  eden space 210944K, 0% used [0x000000076b500000,0x000000076b500000,0x0000000778300000)
  from space 12800K, 99% used [0x0000000779480000,0x000000077a0fe150,0x000000077a100000)
  to   space 17920K, 0% used [0x0000000778300000,0x0000000778300000,0x0000000779480000)
 ParOldGen       total 167936K, used 22416K [0x00000006c1e00000, 0x00000006cc200000, 0x000000076b500000)
  object space 167936K, 13% used [0x00000006c1e00000,0x00000006c33e4090,0x00000006cc200000)
 Metaspace       used 50818K, capacity 53208K, committed 53504K, reserved 1095680K
  class space    used 6623K, capacity 7070K, committed 7168K, reserved 1048576K
}
Event: 5.697 GC heap before
{Heap before GC invocations=11 (full 2):
 PSYoungGen      total 223744K, used 68731K [0x000000076b500000, 0x000000077ac80000, 0x00000007c0000000)
  eden space 210944K, 26% used [0x000000076b500000,0x000000076eba0bf8,0x0000000778300000)
  from space 12800K, 99% used [0x0000000779480000,0x000000077a0fe150,0x000000077a100000)
  to   space 17920K, 0% used [0x0000000778300000,0x0000000778300000,0x0000000779480000)
 ParOldGen       total 167936K, used 22416K [0x00000006c1e00000, 0x00000006cc200000, 0x000000076b500000)
  object space 167936K, 13% used [0x00000006c1e00000,0x00000006c33e4090,0x00000006cc200000)
 Metaspace       used 56443K, capacity 58974K, committed 59136K, reserved 1099776K
  class space    used 7359K, capacity 7815K, committed 7936K, reserved 1048576K
Event: 5.709 GC heap after
Heap after GC invocations=11 (full 2):
 PSYoungGen      total 228864K, used 17899K [0x000000076b500000, 0x000000077ac80000, 0x00000007c0000000)
  eden space 210944K, 0% used [0x000000076b500000,0x000000076b500000,0x0000000778300000)
  from space 17920K, 99% used [0x0000000778300000,0x000000077947af80,0x0000000779480000)
  to   space 12800K, 0% used [0x0000000779480000,0x0000000779480000,0x000000077a100000)
 ParOldGen       total 167936K, used 24445K [0x00000006c1e00000, 0x00000006cc200000, 0x000000076b500000)
  object space 167936K, 14% used [0x00000006c1e00000,0x00000006c35df6f0,0x00000006cc200000)
 Metaspace       used 56443K, capacity 58974K, committed 59136K, reserved 1099776K
  class space    used 7359K, capacity 7815K, committed 7936K, reserved 1048576K
}
Event: 5.709 GC heap before
{Heap before GC invocations=12 (full 3):
 PSYoungGen      total 228864K, used 17899K [0x000000076b500000, 0x000000077ac80000, 0x00000007c0000000)
  eden space 210944K, 0% used [0x000000076b500000,0x000000076b500000,0x0000000778300000)
  from space 17920K, 99% used [0x0000000778300000,0x000000077947af80,0x0000000779480000)
  to   space 12800K, 0% used [0x0000000779480000,0x0000000779480000,0x000000077a100000)
 ParOldGen       total 167936K, used 24445K [0x00000006c1e00000, 0x00000006cc200000, 0x000000076b500000)
  object space 167936K, 14% used [0x00000006c1e00000,0x00000006c35df6f0,0x00000006cc200000)
 Metaspace       used 56443K, capacity 58974K, committed 59136K, reserved 1099776K
  class space    used 7359K, capacity 7815K, committed 7936K, reserved 1048576K
Event: 5.841 GC heap after
Heap after GC invocations=12 (full 3):
 PSYoungGen      total 228864K, used 0K [0x000000076b500000, 0x000000077ac80000, 0x00000007c0000000)
  eden space 210944K, 0% used [0x000000076b500000,0x000000076b500000,0x0000000778300000)
  from space 17920K, 0% used [0x0000000778300000,0x0000000778300000,0x0000000779480000)
  to   space 12800K, 0% used [0x0000000779480000,0x0000000779480000,0x000000077a100000)
 ParOldGen       total 167936K, used 30072K [0x00000006c1e00000, 0x00000006cc200000, 0x000000076b500000)
  object space 167936K, 17% used [0x00000006c1e00000,0x00000006c3b5e0a8,0x00000006cc200000)
 Metaspace       used 56421K, capacity 58938K, committed 59136K, reserved 1099776K
  class space    used 7356K, capacity 7809K, committed 7936K, reserved 1048576K
}

Deoptimization events (10 events):
Event: 6.077 Thread 0x0000000022b6d000 Uncommon trap: reason=unhandled action=none pc=0x0000000003df9ca0 method=java.net.URLClassLoader.findClass(Ljava/lang/String;)Ljava/lang/Class; @ 44
Event: 6.078 Thread 0x0000000022b6d000 Uncommon trap: reason=unhandled action=none pc=0x0000000003df9ca0 method=java.net.URLClassLoader.findClass(Ljava/lang/String;)Ljava/lang/Class; @ 44
Event: 6.078 Thread 0x0000000022b6d000 Uncommon trap: reason=unhandled action=none pc=0x0000000003df9ca0 method=java.net.URLClassLoader.findClass(Ljava/lang/String;)Ljava/lang/Class; @ 44
Event: 6.078 Thread 0x0000000022b6d000 Uncommon trap: reason=unhandled action=none pc=0x0000000003df9ca0 method=java.net.URLClassLoader.findClass(Ljava/lang/String;)Ljava/lang/Class; @ 44
Event: 6.078 Thread 0x00000000217b5800 Uncommon trap: reason=unhandled action=none pc=0x0000000003df9ca0 method=java.net.URLClassLoader.findClass(Ljava/lang/String;)Ljava/lang/Class; @ 44
Event: 6.078 Thread 0x0000000022b6d000 Uncommon trap: reason=unhandled action=none pc=0x0000000003df9ca0 method=java.net.URLClassLoader.findClass(Ljava/lang/String;)Ljava/lang/Class; @ 44
Event: 6.078 Thread 0x0000000022b6d000 Uncommon trap: reason=unhandled action=none pc=0x0000000003df9ca0 method=java.net.URLClassLoader.findClass(Ljava/lang/String;)Ljava/lang/Class; @ 44
Event: 6.079 Thread 0x00000000217b5800 Uncommon trap: reason=unhandled action=none pc=0x0000000003df9ca0 method=java.net.URLClassLoader.findClass(Ljava/lang/String;)Ljava/lang/Class; @ 44
Event: 6.079 Thread 0x0000000022b6d000 Uncommon trap: reason=unhandled action=none pc=0x0000000003df9ca0 method=java.net.URLClassLoader.findClass(Ljava/lang/String;)Ljava/lang/Class; @ 44
Event: 6.079 Thread 0x00000000217b5800 Uncommon trap: reason=unhandled action=none pc=0x0000000003df9ca0 method=java.net.URLClassLoader.findClass(Ljava/lang/String;)Ljava/lang/Class; @ 44

Internal exceptions (10 events):
Event: 6.058 Thread 0x00000000217b5800 Exception <a 'java/lang/ArrayIndexOutOfBoundsException': 98> (0x000000076df0c3d8) thrown at [C:\re\workspace\8-2-build-windows-amd64-cygwin\jdk8u45\3627\hotspot\src\share\vm\interpreter\interpreterRuntime.cpp, line 366]
Event: 6.058 Thread 0x00000000217b5800 Exception <a 'java/lang/ArrayIndexOutOfBoundsException': 102> (0x000000076df0e518) thrown at [C:\re\workspace\8-2-build-windows-amd64-cygwin\jdk8u45\3627\hotspot\src\share\vm\interpreter\interpreterRuntime.cpp, line 366]
Event: 6.058 Thread 0x00000000217b5800 Exception <a 'java/lang/ArrayIndexOutOfBoundsException': 102> (0x000000076df11818) thrown at [C:\re\workspace\8-2-build-windows-amd64-cygwin\jdk8u45\3627\hotspot\src\share\vm\interpreter\interpreterRuntime.cpp, line 366]
Event: 6.058 Thread 0x00000000217b5800 Exception <a 'java/lang/ArrayIndexOutOfBoundsException': 104> (0x000000076df14ab0) thrown at [C:\re\workspace\8-2-build-windows-amd64-cygwin\jdk8u45\3627\hotspot\src\share\vm\interpreter\interpreterRuntime.cpp, line 366]
Event: 6.058 Thread 0x00000000217b5800 Exception <a 'java/lang/ArrayIndexOutOfBoundsException': 81> (0x000000076df18e78) thrown at [C:\re\workspace\8-2-build-windows-amd64-cygwin\jdk8u45\3627\hotspot\src\share\vm\interpreter\interpreterRuntime.cpp, line 366]
Event: 6.058 Thread 0x00000000217b5800 Exception <a 'java/lang/ArrayIndexOutOfBoundsException': 71> (0x000000076df1bfe8) thrown at [C:\re\workspace\8-2-build-windows-amd64-cygwin\jdk8u45\3627\hotspot\src\share\vm\interpreter\interpreterRuntime.cpp, line 366]
Event: 6.058 Thread 0x00000000217b5800 Exception <a 'java/lang/ArrayIndexOutOfBoundsException': 55> (0x000000076df1ea90) thrown at [C:\re\workspace\8-2-build-windows-amd64-cygwin\jdk8u45\3627\hotspot\src\share\vm\interpreter\interpreterRuntime.cpp, line 366]
Event: 6.058 Thread 0x00000000217b5800 Exception <a 'java/lang/ArrayIndexOutOfBoundsException': 40> (0x000000076df22088) thrown at [C:\re\workspace\8-2-build-windows-amd64-cygwin\jdk8u45\3627\hotspot\src\share\vm\interpreter\interpreterRuntime.cpp, line 366]
Event: 6.058 Thread 0x00000000217b5800 Exception <a 'java/lang/ArrayIndexOutOfBoundsException': 44> (0x000000076df23630) thrown at [C:\re\workspace\8-2-build-windows-amd64-cygwin\jdk8u45\3627\hotspot\src\share\vm\interpreter\interpreterRuntime.cpp, line 366]
Event: 6.058 Thread 0x00000000217b5800 Exception <a 'java/lang/ArrayIndexOutOfBoundsException': 105> (0x000000076df297c0) thrown at [C:\re\workspace\8-2-build-windows-amd64-cygwin\jdk8u45\3627\hotspot\src\share\vm\interpreter\interpreterRuntime.cpp, line 366]

Events (10 events):
Event: 6.079 Thread 0x0000000022b6d000 DEOPT UNPACKING pc=0x000000000370787f sp=0x000000002a53d760 mode 1
Event: 6.079 loading class org/quartz/core/SchedulerSignalerImpl
Event: 6.079 loading class org/quartz/core/SchedulerSignalerImpl done
Event: 6.079 Thread 0x00000000217b5800 Uncommon trap: trap_request=0xffffffa7 fr.pc=0x0000000003df9ca0
Event: 6.079 Thread 0x00000000217b5800 DEOPT PACKING pc=0x0000000003df9ca0 sp=0x0000000021d7c860
Event: 6.079 Thread 0x00000000217b5800 DEOPT UNPACKING pc=0x000000000370582a sp=0x0000000021d7c7f8 mode 2
Event: 6.079 Thread 0x00000000217b5800 DEOPT PACKING pc=0x000000000450bbec sp=0x0000000021d7c8a0
Event: 6.079 Thread 0x00000000217b5800 DEOPT UNPACKING pc=0x000000000370787f sp=0x0000000021d7c6c0 mode 1
Event: 6.079 Thread 0x00000000217b5800 DEOPT PACKING pc=0x000000000450bb34 sp=0x0000000021d7ca30
Event: 6.079 Thread 0x00000000217b5800 DEOPT UNPACKING pc=0x000000000370787f sp=0x0000000021d7c850 mode 1


Dynamic libraries:
0x00007ff7bdee0000 - 0x00007ff7bdf17000 	C:\Program Files\Java\jre1.8.0_45\bin\javaw.exe
0x00007fff36750000 - 0x00007fff36945000 	C:\WINDOWS\SYSTEM32\ntdll.dll
0x00007fff35010000 - 0x00007fff350cd000 	C:\WINDOWS\System32\KERNEL32.DLL
0x00007fff342e0000 - 0x00007fff345a8000 	C:\WINDOWS\System32\KERNELBASE.dll
0x00007fff36420000 - 0x00007fff364cc000 	C:\WINDOWS\System32\ADVAPI32.dll
0x00007fff36210000 - 0x00007fff362ae000 	C:\WINDOWS\System32\msvcrt.dll
0x00007fff35d80000 - 0x00007fff35e1b000 	C:\WINDOWS\System32\sechost.dll
0x00007fff347b0000 - 0x00007fff348db000 	C:\WINDOWS\System32\RPCRT4.dll
0x00007fff350d0000 - 0x00007fff35270000 	C:\WINDOWS\System32\USER32.dll
0x00007fff34010000 - 0x00007fff34032000 	C:\WINDOWS\System32\win32u.dll
0x00007fff360b0000 - 0x00007fff360da000 	C:\WINDOWS\System32\GDI32.dll
0x00007fff341d0000 - 0x00007fff342db000 	C:\WINDOWS\System32\gdi32full.dll
0x00007fff345b0000 - 0x00007fff3464d000 	C:\WINDOWS\System32\msvcp_win.dll
0x00007fff33f10000 - 0x00007fff34010000 	C:\WINDOWS\System32\ucrtbase.dll
0x00007fff22b30000 - 0x00007fff22dca000 	C:\WINDOWS\WinSxS\amd64_microsoft.windows.common-controls_6595b64144ccf1df_6.0.19041.844_none_ca00b6081b84eb1d\COMCTL32.dll
0x00007fff35270000 - 0x00007fff352a0000 	C:\WINDOWS\System32\IMM32.DLL
0x000000005f4e0000 - 0x000000005f5b2000 	C:\Program Files\Java\jre1.8.0_45\bin\msvcr100.dll
0x000000005f5c0000 - 0x000000005fe43000 	C:\Program Files\Java\jre1.8.0_45\bin\server\jvm.dll
0x00007fff352a0000 - 0x00007fff352a8000 	C:\WINDOWS\System32\PSAPI.DLL
0x00007fff2c4d0000 - 0x00007fff2c4d9000 	C:\WINDOWS\SYSTEM32\WSOCK32.dll
0x00007fff29060000 - 0x00007fff2906a000 	C:\WINDOWS\SYSTEM32\VERSION.dll
0x00007fff22de0000 - 0x00007fff22e07000 	C:\WINDOWS\SYSTEM32\WINMM.dll
0x00007fff35f00000 - 0x00007fff35f6b000 	C:\WINDOWS\System32\WS2_32.dll
0x0000000060290000 - 0x000000006029f000 	C:\Program Files\Java\jre1.8.0_45\bin\verify.dll
0x0000000060260000 - 0x0000000060289000 	C:\Program Files\Java\jre1.8.0_45\bin\java.dll
0x000000005f460000 - 0x000000005f495000 	C:\Program Files\Java\jre1.8.0_45\bin\jdwp.dll
0x000000005f450000 - 0x000000005f458000 	C:\Program Files\Java\jre1.8.0_45\bin\npt.dll
0x0000000060240000 - 0x0000000060256000 	C:\Program Files\Java\jre1.8.0_45\bin\zip.dll
0x00007fff35610000 - 0x00007fff35d52000 	C:\WINDOWS\System32\SHELL32.dll
0x00007fff31fc0000 - 0x00007fff32750000 	C:\WINDOWS\SYSTEM32\windows.storage.dll
0x00007fff352b0000 - 0x00007fff35605000 	C:\WINDOWS\System32\combase.dll
0x00007fff33900000 - 0x00007fff3392c000 	C:\WINDOWS\SYSTEM32\Wldp.dll
0x00007fff36660000 - 0x00007fff3670e000 	C:\WINDOWS\System32\SHCORE.dll
0x00007fff363c0000 - 0x00007fff36415000 	C:\WINDOWS\System32\shlwapi.dll
0x00007fff33dd0000 - 0x00007fff33def000 	C:\WINDOWS\SYSTEM32\profapi.dll
0x000000005f440000 - 0x000000005f449000 	C:\Program Files\Java\jre1.8.0_45\bin\dt_socket.dll
0x00007fff1a910000 - 0x00007fff1a927000 	C:\WINDOWS\system32\napinsp.dll
0x00007fff1a760000 - 0x00007fff1a77b000 	C:\WINDOWS\system32\pnrpnsp.dll
0x00007fff2e280000 - 0x00007fff2e295000 	C:\WINDOWS\system32\wshbth.dll
0x00007fff2ecc0000 - 0x00007fff2ecdd000 	C:\WINDOWS\system32\NLAapi.dll
0x00007fff33310000 - 0x00007fff3334b000 	C:\WINDOWS\SYSTEM32\IPHLPAPI.DLL
0x00007fff33670000 - 0x00007fff336da000 	C:\WINDOWS\System32\mswsock.dll
0x00007fff33360000 - 0x00007fff3342c000 	C:\WINDOWS\SYSTEM32\DNSAPI.dll
0x00007fff360e0000 - 0x00007fff360e8000 	C:\WINDOWS\System32\NSI.dll
0x00007fff1a740000 - 0x00007fff1a752000 	C:\WINDOWS\System32\winrnr.dll
0x00007fff21660000 - 0x00007fff217da000 	C:\Program Files (x86)\Sangfor\SSL\ClientComponent\1_SangforTcpX64.dll
0x00007fff364d0000 - 0x00007fff365fa000 	C:\WINDOWS\System32\ole32.dll
0x00007fff35e30000 - 0x00007fff35efd000 	C:\WINDOWS\System32\OLEAUT32.dll
0x00007fff34170000 - 0x00007fff341d0000 	C:\WINDOWS\System32\WINTRUST.dll
0x00007fff34650000 - 0x00007fff347af000 	C:\WINDOWS\System32\CRYPT32.dll
0x00007fff33a80000 - 0x00007fff33a92000 	C:\WINDOWS\SYSTEM32\MSASN1.dll
0x00007fff227e0000 - 0x00007fff2285f000 	C:\WINDOWS\System32\fwpuclnt.dll
0x00007fff33ee0000 - 0x00007fff33f07000 	C:\WINDOWS\System32\bcrypt.dll
0x00007fff21c60000 - 0x00007fff21c6a000 	C:\Windows\System32\rasadhlp.dll
0x000000005f430000 - 0x000000005f43d000 	C:\Program Files\Java\jre1.8.0_45\bin\management.dll
0x000000005f4c0000 - 0x000000005f4da000 	C:\Program Files\Java\jre1.8.0_45\bin\net.dll
0x000000005f4a0000 - 0x000000005f4b1000 	C:\Program Files\Java\jre1.8.0_45\bin\nio.dll
0x00007fff33850000 - 0x00007fff33868000 	C:\WINDOWS\SYSTEM32\CRYPTSP.dll
0x00007fff32fa0000 - 0x00007fff32fd4000 	C:\WINDOWS\system32\rsaenh.dll
0x00007fff33d90000 - 0x00007fff33dbe000 	C:\WINDOWS\SYSTEM32\USERENV.dll
0x00007fff340f0000 - 0x00007fff34170000 	C:\WINDOWS\System32\bcryptprimitives.dll
0x00007fff33840000 - 0x00007fff3384c000 	C:\WINDOWS\SYSTEM32\CRYPTBASE.dll
0x00007fff28fa0000 - 0x00007fff28fb7000 	C:\WINDOWS\SYSTEM32\dhcpcsvc6.DLL
0x00007fff25790000 - 0x00007fff257ad000 	C:\WINDOWS\SYSTEM32\dhcpcsvc.DLL
0x000000005f3f0000 - 0x000000005f414000 	C:\Program Files\Java\jre1.8.0_45\bin\sunec.dll
0x000000005f420000 - 0x000000005f42b000 	C:\Program Files\Java\jre1.8.0_45\bin\sunmscapi.dll
0x00007fff31ce0000 - 0x00007fff31ec4000 	C:\WINDOWS\SYSTEM32\dbghelp.dll

VM Arguments:
jvm_args: -agentlib:jdwp=transport=dt_socket,suspend=y,address=localhost:60190 -Dfile.encoding=UTF-8 
java_command: com.cat.SystemApplication
java_class_path (initial): C:\Program Files\Java\jre1.8.0_45\lib\resources.jar;C:\Program Files\Java\jre1.8.0_45\lib\rt.jar;C:\Program Files\Java\jre1.8.0_45\lib\jsse.jar;C:\Program Files\Java\jre1.8.0_45\lib\jce.jar;C:\Program Files\Java\jre1.8.0_45\lib\charsets.jar;C:\Program Files\Java\jre1.8.0_45\lib\jfr.jar;C:\Program Files\Java\jre1.8.0_45\lib\ext\access-bridge-64.jar;C:\Program Files\Java\jre1.8.0_45\lib\ext\cldrdata.jar;C:\Program Files\Java\jre1.8.0_45\lib\ext\dnsns.jar;C:\Program Files\Java\jre1.8.0_45\lib\ext\jaccess.jar;C:\Program Files\Java\jre1.8.0_45\lib\ext\jfxrt.jar;C:\Program Files\Java\jre1.8.0_45\lib\ext\localedata.jar;C:\Program Files\Java\jre1.8.0_45\lib\ext\nashorn.jar;C:\Program Files\Java\jre1.8.0_45\lib\ext\sunec.jar;C:\Program Files\Java\jre1.8.0_45\lib\ext\sunjce_provider.jar;C:\Program Files\Java\jre1.8.0_45\lib\ext\sunmscapi.jar;C:\Program Files\Java\jre1.8.0_45\lib\ext\sunpkcs11.jar;C:\Program Files\Java\jre1.8.0_45\lib\ext\zipfs.jar;D:\workspace\Dizai-Xiaodu\target\classes;D:\Maven\.m2\repository\com\lowagie\itext\2.1.7\itext-2.1.7.jar;D:\Maven\.m2\repository\bouncycastle\bcmail-jdk14\138\bcmail-jdk14-138.jar;D:\Maven\.m2\repository\bouncycastle\bcprov-jdk14\138\bcprov-jdk14-138.jar;D:\Maven\.m2\repository\org\bouncycastle\bctsp-jdk14\1.38\bctsp-jdk14-1.38.jar;D:\Maven\.m2\repository\org\bouncycastle\bcprov-jdk14\1.38\bcprov-jdk14-1.38.jar;D:\Maven\.m2\repository\org\bouncycastle\bcmail-jdk14\1.38\bcmail-jdk14-1.38.jar;D:\Maven\.m2\repository\commons-io\commons-io\2.8.0\commons-io-2.8.0.jar;D:\Maven\.m2\repository\org\apache\commons\commons-lang3\3.7\commons-lang3-3.7.jar;D:\Maven\.m2\repository\com\itextpdf\itextpdf\5.5.10\itextpdf-5.5.10.jar;D:\Maven\.m2\repository\com\itextpdf\itext-asian\5.2.0\itext-asian-5.2.0.jar;D:\Maven\.m2\repository\org\springframework\boot\spring-boot-starter-web\2.3.6.RELEASE\spring-boot-starter-web-2.3.6.RELEASE.jar;D:\Maven\.m2\repository\org\springframework\boot\spring-boot-starter\2.3.6.RELEASE\sprin
Launcher Type: SUN_STANDARD

Environment Variables:
JAVA_HOME=C:\Program Files\Java\jdk1.8.0_45
PATH=C:/Program Files/Java/jre1.8.0_45/bin/server;C:/Program Files/Java/jre1.8.0_45/bin;C:/Program Files/Java/jre1.8.0_45/lib/amd64;C:\Program Files (x86)\Common Files\Oracle\Java\javapath;C:\ProgramData\Oracle\Java\javapath;D:\app\63531\virtual\product\12.2.0\dbhome_1\bin;C:\Windows\system32;C:\Windows;C:\Windows\System32\Wbem;C:\Windows\System32\WindowsPowerShell\v1.0\;C:\Windows\System32\OpenSSH\;C:\Program Files (x86)\NVIDIA Corporation\PhysX\Common;C:\Program Files\NVIDIA Corporation\NVIDIA NvDLISR;C:\Program Files\Java\jdk1.8.0_45\bin;D:\apache-maven-3.6.0\bin;C:\Program Files\nodejs\;D:\flutter\bin;D:\android-sdk-windows\platform-tools;D:\android-sdk-windows\tools;C:\WINDOWS\system32;C:\WINDOWS;C:\WINDOWS\System32\Wbem;C:\WINDOWS\System32\WindowsPowerShell\v1.0\;C:\WINDOWS\System32\OpenSSH\;D:\Go\bin;D:\flutter\.pub-cache\bin;D:\flutter\bin\cache\dart-sdk\bin;C:\Program Files\PuTTY\;C:\Program Files\Git\cmd;C:\Program Files\TortoiseSVN\bin;C:\Program Files (x86)\NetSarang\Xshell 7\;C:\Program Files (x86)\NetSarang\Xftp 7\;C:\Users\63531\AppData\Local\Microsoft\WindowsApps;C:\Users\63531\AppData\Roaming\npm;C:\Users\63531\AppData\Local\GitHubDesktop\bin;C:\Users\63531\AppData\Local\Microsoft\WindowsApps;C:\Users\63531\go\bin;D:\Microsoft VS Code\bin;;D:\eclipse4.7;
USERNAME=63531
OS=Windows_NT
PROCESSOR_IDENTIFIER=Intel64 Family 6 Model 158 Stepping 10, GenuineIntel



---------------  S Y S T E M  ---------------

OS: Windows 10.0 , 64 bit Build 19041 (10.0.19041.928)

CPU:total 8 (4 cores per cpu, 2 threads per core) family 6 model 158 stepping 10, cmov, cx8, fxsr, mmx, sse, sse2, sse3, ssse3, sse4.1, sse4.2, popcnt, avx, avx2, aes, clmul, erms, 3dnowpref, lzcnt, ht, tsc, tscinvbit, bmi1, bmi2, adx

Memory: 4k page, physical 16646388k(4961712k free), swap 29753584k(13492k free)

vm_info: Java HotSpot(TM) 64-Bit Server VM (25.45-b02) for windows-amd64 JRE (1.8.0_45-b15), built on Apr 30 2015 12:40:44 by "java_re" with MS VC++ 10.0 (VS2010)

time: Wed Jun 23 17:11:40 2021
elapsed time: 6 seconds (0d 0h 0m 6s)

